<testsuites id="" name="" tests="1" failures="1" skipped="0" errors="0" time="3.380837">
<testsuite name="odata-ui5.e2e-test.ts" timestamp="2026-03-20T15:25:11.555Z" hostname="odata-ui5" tests="1" failures="1" skipped="0" time="2.787" errors="0">
<testcase name="OpenUI5 Frontend › should display master list" classname="odata-ui5.e2e-test.ts" time="2.787">
<failure message="odata-ui5.e2e-test.ts:204:3 should display master list" type="FAILURE">
<![CDATA[  [odata-ui5] › odata-ui5.e2e-test.ts:204:3 › OpenUI5 Frontend › should display master list ────────

    Error: expect(received).toBeTruthy()

    Received: false

      208 |
      209 |     const hasList = await sapMList.isVisible() || await sapMTable.isVisible();
    > 210 |     expect(hasList).toBeTruthy();
          |                     ^
      211 |   });
      212 |
      213 |   test('should navigate to detail page', async ({ page }) => {
        at /Users/pramodkoshy/projects/dynamic/test/app-with-ai/tests/e2e/complete-tests/odata-ui5.e2e-test.ts:210:21

    attachment #1: screenshot (image/png) ──────────────────────────────────────────────────────────
    ../../../test-results/odata-ui5.e2e-test.ts-Open-835d0--should-display-master-list-odata-ui5/test-failed-1.png
    ────────────────────────────────────────────────────────────────────────────────────────────────

    attachment #2: video (video/webm) ──────────────────────────────────────────────────────────────
    ../../../test-results/odata-ui5.e2e-test.ts-Open-835d0--should-display-master-list-odata-ui5/video.webm
    ────────────────────────────────────────────────────────────────────────────────────────────────

    Error Context: ../../../test-results/odata-ui5.e2e-test.ts-Open-835d0--should-display-master-list-odata-ui5/error-context.md
]]>
</failure>
<system-out>
<![CDATA[
[[ATTACHMENT|../../../../test-results/odata-ui5.e2e-test.ts-Open-835d0--should-display-master-list-odata-ui5/test-failed-1.png]]

[[ATTACHMENT|../../../../test-results/odata-ui5.e2e-test.ts-Open-835d0--should-display-master-list-odata-ui5/video.webm]]

[[ATTACHMENT|../../../../test-results/odata-ui5.e2e-test.ts-Open-835d0--should-display-master-list-odata-ui5/error-context.md]]
]]>
</system-out>
</testcase>
</testsuite>
</testsuites>